<?xml version="1.0" encoding="UTF-8"?>
<!-- Generated by org.testng.reporters.JUnitXMLReporter -->
<testsuite ignored="0" hostname="Tushars-Mac-mini.local" failures="5" tests="30" name="Surefire test" time="271.273" errors="0" timestamp="2025-10-04T12:04:39 IST">
  <testcase classname="tests.AddProjectLeadTest" name="addLeadForBasicProjectLead" time="9.08"/>
  <testcase classname="tests.AddProjectLeadTest" name="addLeadForBasicProjectLead" time="9.162"/>
  <testcase classname="tests.AddProjectLeadTest" name="addLeadForBasicProjectLead" time="9.234"/>
  <testcase classname="tests.AddProjectLeadTest" name="addLeadForBasicProjectLead" time="9.104"/>
  <testcase classname="tests.AddProjectLeadTest" name="addLeadForBasicProjectLead" time="9.12"/>
  <testcase classname="tests.AddProjectLeadTest" name="addLeadForBasicProjectLead" time="9.212"/>
  <testcase classname="tests.AddProjectLeadTest" name="addLeadForBasicProjectLead" time="9.037"/>
  <testcase classname="tests.AddProjectLeadTest" name="addLeadForBasicProjectLead" time="9.186"/>
  <testcase classname="tests.AddProjectLeadTest" name="addLeadForBasicProjectLead" time="9.307"/>
  <testcase classname="tests.AddProjectLeadTest" name="addLeadForBasicProjectLead" time="9.254"/>
  <testcase classname="tests.AddProjectLeadTest" name="addLeadForBasicProjectLead" time="9.225"/>
  <testcase classname="tests.AddProjectLeadTest" name="addLeadForBasicProjectLead" time="9.284"/>
  <testcase classname="tests.AddProjectLeadTest" name="addLeadForBasicProjectLead" time="9.195"/>
  <testcase classname="tests.AddProjectLeadTest" name="addLeadForBasicProjectLead" time="9.272"/>
  <testcase classname="tests.AddProjectLeadTest" name="addLeadForBasicProjectLead" time="9.239"/>
  <testcase classname="tests.AddProjectLeadTest" name="addLeadForBasicProjectLead" time="9.301"/>
  <testcase classname="tests.AddProjectLeadTest" name="addLeadForBasicProjectLead" time="9.217"/>
  <testcase classname="tests.AddProjectLeadTest" name="addLeadForBasicProjectLead" time="9.23"/>
  <testcase classname="tests.AddProjectLeadTest" name="addLeadForBasicProjectLead" time="9.218"/>
  <testcase classname="tests.AddProjectLeadTest" name="addLeadForBasicProjectLead" time="9.205"/>
  <testcase classname="tests.AddProjectLeadTest" name="addLeadForBasicProjectLead" time="9.254"/>
  <testcase classname="tests.AddProjectLeadTest" name="addLeadForBasicProjectLead" time="9.301"/>
  <testcase classname="tests.AddProjectLeadTest" name="addLeadForBasicProjectLead" time="9.284"/>
  <testcase classname="tests.AddProjectLeadTest" name="addLeadForBasicProjectLead" time="9.085"/>
  <testcase classname="tests.AddProjectLeadTest" name="addLeadForBasicProjectLead" time="9.236"/>
  <testcase classname="tests.AddProjectLeadTest" name="addLeadForBasicProjectLead" time="8.042">
    <failure type="java.lang.AssertionError" message="Source mismatch. Expected: Print Media, Got: Print media">
      <![CDATA[java.lang.AssertionError: Source mismatch. Expected: Print Media, Got: Print media
at pages.AddProjectLeadPage.validateLeadWithBasicInfo(AddProjectLeadPage.java:346)
at tests.AddProjectLeadTest.addLeadForBasicProjectLead(AddProjectLeadTest.java:169)
at java.base/java.util.ArrayList.forEach(ArrayList.java:1604)
... Removed 30 stack frames]]>
    </failure>
  </testcase> <!-- addLeadForBasicProjectLead -->
  <testcase classname="tests.AddProjectLeadTest" name="addLeadForBasicProjectLead" time="7.846">
    <failure type="java.lang.AssertionError" message="Source mismatch. Expected: Print Media, Got: Print media">
      <![CDATA[java.lang.AssertionError: Source mismatch. Expected: Print Media, Got: Print media
at pages.AddProjectLeadPage.validateLeadWithBasicInfo(AddProjectLeadPage.java:346)
at tests.AddProjectLeadTest.addLeadForBasicProjectLead(AddProjectLeadTest.java:169)
at java.base/java.util.ArrayList.forEach(ArrayList.java:1604)
... Removed 30 stack frames]]>
    </failure>
  </testcase> <!-- addLeadForBasicProjectLead -->
  <testcase classname="tests.AddProjectLeadTest" name="addLeadForBasicProjectLead" time="7.732">
    <failure type="java.lang.AssertionError" message="Source mismatch. Expected: Print Media, Got: Print media">
      <![CDATA[java.lang.AssertionError: Source mismatch. Expected: Print Media, Got: Print media
at pages.AddProjectLeadPage.validateLeadWithBasicInfo(AddProjectLeadPage.java:346)
at tests.AddProjectLeadTest.addLeadForBasicProjectLead(AddProjectLeadTest.java:169)
at java.base/java.util.ArrayList.forEach(ArrayList.java:1604)
... Removed 30 stack frames]]>
    </failure>
  </testcase> <!-- addLeadForBasicProjectLead -->
  <testcase classname="tests.AddProjectLeadTest" name="addLeadForBasicProjectLead" time="7.733">
    <failure type="java.lang.AssertionError" message="Source mismatch. Expected: Channel Sales, Got: Channel sales">
      <![CDATA[java.lang.AssertionError: Source mismatch. Expected: Channel Sales, Got: Channel sales
at pages.AddProjectLeadPage.validateLeadWithBasicInfo(AddProjectLeadPage.java:346)
at tests.AddProjectLeadTest.addLeadForBasicProjectLead(AddProjectLeadTest.java:169)
at java.base/java.util.ArrayList.forEach(ArrayList.java:1604)
... Removed 30 stack frames]]>
    </failure>
  </testcase> <!-- addLeadForBasicProjectLead -->
  <testcase classname="tests.AddProjectLeadTest" name="addLeadForBasicProjectLead" time="7.814">
    <failure type="java.lang.AssertionError" message="Source mismatch. Expected: Channel Sales, Got: Channel sales">
      <![CDATA[java.lang.AssertionError: Source mismatch. Expected: Channel Sales, Got: Channel sales
at pages.AddProjectLeadPage.validateLeadWithBasicInfo(AddProjectLeadPage.java:346)
at tests.AddProjectLeadTest.addLeadForBasicProjectLead(AddProjectLeadTest.java:169)
at java.base/java.util.ArrayList.forEach(ArrayList.java:1604)
... Removed 30 stack frames]]>
    </failure>
  </testcase> <!-- addLeadForBasicProjectLead -->
</testsuite> <!-- Surefire test -->
