<?xml version="1.0" encoding="UTF-8"?>
<!-- Generated by org.testng.reporters.JUnitXMLReporter -->
<testsuite ignored="0" hostname="Tushars-Mac-mini.local" failures="10" tests="61" name="Default test" time="623.813" errors="0" timestamp="2025-10-08T14:02:47 IST">
  <testcase classname="tests.Add_Lead.AddProjectLeadTest" name="addLeadForBasicProjectLead" time="9.643"/>
  <testcase classname="tests.Add_Lead.AddProjectLeadTest" name="addLeadForBasicProjectLead" time="9.841"/>
  <testcase classname="tests.Add_Lead.AddProjectLeadTest" name="addLeadForBasicProjectLead" time="10.337"/>
  <testcase classname="tests.Add_Lead.AddProjectLeadTest" name="addLeadForBasicProjectLead" time="9.697"/>
  <testcase classname="tests.Add_Lead.AddProjectLeadTest" name="addLeadForBasicProjectLead" time="9.797"/>
  <testcase classname="tests.Add_Lead.AddProjectLeadTest" name="addLeadForBasicProjectLead" time="9.749"/>
  <testcase classname="tests.Add_Lead.AddProjectLeadTest" name="addLeadForBasicProjectLead" time="9.766"/>
  <testcase classname="tests.Add_Lead.AddProjectLeadTest" name="addLeadForBasicProjectLead" time="9.74"/>
  <testcase classname="tests.Add_Lead.AddProjectLeadTest" name="addLeadForBasicProjectLead" time="9.726"/>
  <testcase classname="tests.Add_Lead.AddProjectLeadTest" name="addLeadForBasicProjectLead" time="9.678"/>
  <testcase classname="tests.Add_Lead.AddProjectLeadTest" name="addLeadForBasicProjectLead" time="9.661"/>
  <testcase classname="tests.Add_Lead.AddProjectLeadTest" name="addLeadForBasicProjectLead" time="9.625"/>
  <testcase classname="tests.Add_Lead.AddProjectLeadTest" name="addLeadForBasicProjectLead" time="9.695"/>
  <testcase classname="tests.Add_Lead.AddProjectLeadTest" name="addLeadForBasicProjectLead" time="9.639"/>
  <testcase classname="tests.Add_Lead.AddProjectLeadTest" name="addLeadForBasicProjectLead" time="9.73"/>
  <testcase classname="tests.Add_Lead.AddProjectLeadTest" name="addLeadForBasicProjectLead" time="9.709"/>
  <testcase classname="tests.Add_Lead.AddProjectLeadTest" name="addLeadForBasicProjectLead" time="9.643"/>
  <testcase classname="tests.Add_Lead.AddProjectLeadTest" name="addLeadForBasicProjectLead" time="9.707"/>
  <testcase classname="tests.Add_Lead.AddProjectLeadTest" name="addLeadForBasicProjectLead" time="9.691"/>
  <testcase classname="tests.Add_Lead.AddProjectLeadTest" name="addLeadForBasicProjectLead" time="9.71"/>
  <testcase classname="tests.Add_Lead.AddProjectLeadTest" name="addLeadForBasicProjectLead" time="9.691"/>
  <testcase classname="tests.Add_Lead.AddProjectLeadTest" name="addLeadForBasicProjectLead" time="9.737"/>
  <testcase classname="tests.Add_Lead.AddProjectLeadTest" name="addLeadForBasicProjectLead" time="9.64"/>
  <testcase classname="tests.Add_Lead.AddProjectLeadTest" name="addLeadForBasicProjectLead" time="9.704"/>
  <testcase classname="tests.Add_Lead.AddProjectLeadTest" name="addLeadForBasicProjectLead" time="9.69"/>
  <testcase classname="tests.Add_Lead.AddProjectLeadTest" name="addLeadForBasicProjectLead" time="8.587">
    <failure type="java.lang.AssertionError" message="Source mismatch. Expected: Print Media, Got: Print media">
      <![CDATA[java.lang.AssertionError: Source mismatch. Expected: Print Media, Got: Print media
at pages.AddProjectLeadPage.validateLeadWithBasicInfo(AddProjectLeadPage.java:349)
at tests.Add_Lead.AddProjectLeadTest.addLeadForBasicProjectLead(AddProjectLeadTest.java:170)
at java.base/jdk.internal.reflect.DirectMethodHandleAccessor.invoke(DirectMethodHandleAccessor.java:103)
at java.base/java.lang.reflect.Method.invoke(Method.java:580)
at org.testng.internal.invokers.MethodInvocationHelper.invokeMethod(MethodInvocationHelper.java:141)
at org.testng.internal.invokers.TestInvoker.invokeMethod(TestInvoker.java:687)
at org.testng.internal.invokers.TestInvoker.invokeTestMethod(TestInvoker.java:230)
at org.testng.internal.invokers.MethodRunner.runInSequence(MethodRunner.java:63)
at org.testng.internal.invokers.TestInvoker$MethodInvocationAgent.invoke(TestInvoker.java:995)
at org.testng.internal.invokers.TestInvoker.invokeTestMethods(TestInvoker.java:203)
at org.testng.internal.invokers.TestMethodWorker.invokeTestMethods(TestMethodWorker.java:154)
at org.testng.internal.invokers.TestMethodWorker.run(TestMethodWorker.java:134)
at java.base/java.util.ArrayList.forEach(ArrayList.java:1596)
at org.testng.TestRunner.privateRun(TestRunner.java:741)
at org.testng.TestRunner.run(TestRunner.java:616)
at org.testng.SuiteRunner.runTest(SuiteRunner.java:421)
at org.testng.SuiteRunner.runSequentially(SuiteRunner.java:413)
at org.testng.SuiteRunner.privateRun(SuiteRunner.java:373)
at org.testng.SuiteRunner.run(SuiteRunner.java:312)
at org.testng.SuiteRunnerWorker.runSuite(SuiteRunnerWorker.java:52)
at org.testng.SuiteRunnerWorker.run(SuiteRunnerWorker.java:95)
at org.testng.TestNG.runSuitesSequentially(TestNG.java:1274)
at org.testng.TestNG.runSuitesLocally(TestNG.java:1208)
at org.testng.TestNG.runSuites(TestNG.java:1112)
at org.testng.TestNG.run(TestNG.java:1079)
at org.testng.remote.AbstractRemoteTestNG.run(AbstractRemoteTestNG.java:115)
at org.testng.remote.RemoteTestNG.initAndRun(RemoteTestNG.java:293)
at org.testng.remote.RemoteTestNG.main(RemoteTestNG.java:91)
]]>
    </failure>
  </testcase> <!-- addLeadForBasicProjectLead -->
  <testcase classname="tests.Add_Lead.AddProjectLeadTest" name="addLeadForBasicProjectLead" time="8.35">
    <failure type="java.lang.AssertionError" message="Source mismatch. Expected: Print Media, Got: Print media">
      <![CDATA[java.lang.AssertionError: Source mismatch. Expected: Print Media, Got: Print media
at pages.AddProjectLeadPage.validateLeadWithBasicInfo(AddProjectLeadPage.java:349)
at tests.Add_Lead.AddProjectLeadTest.addLeadForBasicProjectLead(AddProjectLeadTest.java:170)
at java.base/jdk.internal.reflect.DirectMethodHandleAccessor.invoke(DirectMethodHandleAccessor.java:103)
at java.base/java.lang.reflect.Method.invoke(Method.java:580)
at org.testng.internal.invokers.MethodInvocationHelper.invokeMethod(MethodInvocationHelper.java:141)
at org.testng.internal.invokers.TestInvoker.invokeMethod(TestInvoker.java:687)
at org.testng.internal.invokers.TestInvoker.invokeTestMethod(TestInvoker.java:230)
at org.testng.internal.invokers.MethodRunner.runInSequence(MethodRunner.java:63)
at org.testng.internal.invokers.TestInvoker$MethodInvocationAgent.invoke(TestInvoker.java:995)
at org.testng.internal.invokers.TestInvoker.invokeTestMethods(TestInvoker.java:203)
at org.testng.internal.invokers.TestMethodWorker.invokeTestMethods(TestMethodWorker.java:154)
at org.testng.internal.invokers.TestMethodWorker.run(TestMethodWorker.java:134)
at java.base/java.util.ArrayList.forEach(ArrayList.java:1596)
at org.testng.TestRunner.privateRun(TestRunner.java:741)
at org.testng.TestRunner.run(TestRunner.java:616)
at org.testng.SuiteRunner.runTest(SuiteRunner.java:421)
at org.testng.SuiteRunner.runSequentially(SuiteRunner.java:413)
at org.testng.SuiteRunner.privateRun(SuiteRunner.java:373)
at org.testng.SuiteRunner.run(SuiteRunner.java:312)
at org.testng.SuiteRunnerWorker.runSuite(SuiteRunnerWorker.java:52)
at org.testng.SuiteRunnerWorker.run(SuiteRunnerWorker.java:95)
at org.testng.TestNG.runSuitesSequentially(TestNG.java:1274)
at org.testng.TestNG.runSuitesLocally(TestNG.java:1208)
at org.testng.TestNG.runSuites(TestNG.java:1112)
at org.testng.TestNG.run(TestNG.java:1079)
at org.testng.remote.AbstractRemoteTestNG.run(AbstractRemoteTestNG.java:115)
at org.testng.remote.RemoteTestNG.initAndRun(RemoteTestNG.java:293)
at org.testng.remote.RemoteTestNG.main(RemoteTestNG.java:91)
]]>
    </failure>
  </testcase> <!-- addLeadForBasicProjectLead -->
  <testcase classname="tests.Add_Lead.AddProjectLeadTest" name="addLeadForBasicProjectLead" time="8.366">
    <failure type="java.lang.AssertionError" message="Source mismatch. Expected: Print Media, Got: Print media">
      <![CDATA[java.lang.AssertionError: Source mismatch. Expected: Print Media, Got: Print media
at pages.AddProjectLeadPage.validateLeadWithBasicInfo(AddProjectLeadPage.java:349)
at tests.Add_Lead.AddProjectLeadTest.addLeadForBasicProjectLead(AddProjectLeadTest.java:170)
at java.base/jdk.internal.reflect.DirectMethodHandleAccessor.invoke(DirectMethodHandleAccessor.java:103)
at java.base/java.lang.reflect.Method.invoke(Method.java:580)
at org.testng.internal.invokers.MethodInvocationHelper.invokeMethod(MethodInvocationHelper.java:141)
at org.testng.internal.invokers.TestInvoker.invokeMethod(TestInvoker.java:687)
at org.testng.internal.invokers.TestInvoker.invokeTestMethod(TestInvoker.java:230)
at org.testng.internal.invokers.MethodRunner.runInSequence(MethodRunner.java:63)
at org.testng.internal.invokers.TestInvoker$MethodInvocationAgent.invoke(TestInvoker.java:995)
at org.testng.internal.invokers.TestInvoker.invokeTestMethods(TestInvoker.java:203)
at org.testng.internal.invokers.TestMethodWorker.invokeTestMethods(TestMethodWorker.java:154)
at org.testng.internal.invokers.TestMethodWorker.run(TestMethodWorker.java:134)
at java.base/java.util.ArrayList.forEach(ArrayList.java:1596)
at org.testng.TestRunner.privateRun(TestRunner.java:741)
at org.testng.TestRunner.run(TestRunner.java:616)
at org.testng.SuiteRunner.runTest(SuiteRunner.java:421)
at org.testng.SuiteRunner.runSequentially(SuiteRunner.java:413)
at org.testng.SuiteRunner.privateRun(SuiteRunner.java:373)
at org.testng.SuiteRunner.run(SuiteRunner.java:312)
at org.testng.SuiteRunnerWorker.runSuite(SuiteRunnerWorker.java:52)
at org.testng.SuiteRunnerWorker.run(SuiteRunnerWorker.java:95)
at org.testng.TestNG.runSuitesSequentially(TestNG.java:1274)
at org.testng.TestNG.runSuitesLocally(TestNG.java:1208)
at org.testng.TestNG.runSuites(TestNG.java:1112)
at org.testng.TestNG.run(TestNG.java:1079)
at org.testng.remote.AbstractRemoteTestNG.run(AbstractRemoteTestNG.java:115)
at org.testng.remote.RemoteTestNG.initAndRun(RemoteTestNG.java:293)
at org.testng.remote.RemoteTestNG.main(RemoteTestNG.java:91)
]]>
    </failure>
  </testcase> <!-- addLeadForBasicProjectLead -->
  <testcase classname="tests.Add_Lead.AddProjectLeadTest" name="addLeadForBasicProjectLead" time="8.387">
    <failure type="java.lang.AssertionError" message="Source mismatch. Expected: Channel Sales, Got: Channel sales">
      <![CDATA[java.lang.AssertionError: Source mismatch. Expected: Channel Sales, Got: Channel sales
at pages.AddProjectLeadPage.validateLeadWithBasicInfo(AddProjectLeadPage.java:349)
at tests.Add_Lead.AddProjectLeadTest.addLeadForBasicProjectLead(AddProjectLeadTest.java:170)
at java.base/jdk.internal.reflect.DirectMethodHandleAccessor.invoke(DirectMethodHandleAccessor.java:103)
at java.base/java.lang.reflect.Method.invoke(Method.java:580)
at org.testng.internal.invokers.MethodInvocationHelper.invokeMethod(MethodInvocationHelper.java:141)
at org.testng.internal.invokers.TestInvoker.invokeMethod(TestInvoker.java:687)
at org.testng.internal.invokers.TestInvoker.invokeTestMethod(TestInvoker.java:230)
at org.testng.internal.invokers.MethodRunner.runInSequence(MethodRunner.java:63)
at org.testng.internal.invokers.TestInvoker$MethodInvocationAgent.invoke(TestInvoker.java:995)
at org.testng.internal.invokers.TestInvoker.invokeTestMethods(TestInvoker.java:203)
at org.testng.internal.invokers.TestMethodWorker.invokeTestMethods(TestMethodWorker.java:154)
at org.testng.internal.invokers.TestMethodWorker.run(TestMethodWorker.java:134)
at java.base/java.util.ArrayList.forEach(ArrayList.java:1596)
at org.testng.TestRunner.privateRun(TestRunner.java:741)
at org.testng.TestRunner.run(TestRunner.java:616)
at org.testng.SuiteRunner.runTest(SuiteRunner.java:421)
at org.testng.SuiteRunner.runSequentially(SuiteRunner.java:413)
at org.testng.SuiteRunner.privateRun(SuiteRunner.java:373)
at org.testng.SuiteRunner.run(SuiteRunner.java:312)
at org.testng.SuiteRunnerWorker.runSuite(SuiteRunnerWorker.java:52)
at org.testng.SuiteRunnerWorker.run(SuiteRunnerWorker.java:95)
at org.testng.TestNG.runSuitesSequentially(TestNG.java:1274)
at org.testng.TestNG.runSuitesLocally(TestNG.java:1208)
at org.testng.TestNG.runSuites(TestNG.java:1112)
at org.testng.TestNG.run(TestNG.java:1079)
at org.testng.remote.AbstractRemoteTestNG.run(AbstractRemoteTestNG.java:115)
at org.testng.remote.RemoteTestNG.initAndRun(RemoteTestNG.java:293)
at org.testng.remote.RemoteTestNG.main(RemoteTestNG.java:91)
]]>
    </failure>
  </testcase> <!-- addLeadForBasicProjectLead -->
  <testcase classname="tests.Add_Lead.AddProjectLeadTest" name="addLeadForBasicProjectLead" time="8.299">
    <failure type="java.lang.AssertionError" message="Source mismatch. Expected: Channel Sales, Got: Channel sales">
      <![CDATA[java.lang.AssertionError: Source mismatch. Expected: Channel Sales, Got: Channel sales
at pages.AddProjectLeadPage.validateLeadWithBasicInfo(AddProjectLeadPage.java:349)
at tests.Add_Lead.AddProjectLeadTest.addLeadForBasicProjectLead(AddProjectLeadTest.java:170)
at java.base/jdk.internal.reflect.DirectMethodHandleAccessor.invoke(DirectMethodHandleAccessor.java:103)
at java.base/java.lang.reflect.Method.invoke(Method.java:580)
at org.testng.internal.invokers.MethodInvocationHelper.invokeMethod(MethodInvocationHelper.java:141)
at org.testng.internal.invokers.TestInvoker.invokeMethod(TestInvoker.java:687)
at org.testng.internal.invokers.TestInvoker.invokeTestMethod(TestInvoker.java:230)
at org.testng.internal.invokers.MethodRunner.runInSequence(MethodRunner.java:63)
at org.testng.internal.invokers.TestInvoker$MethodInvocationAgent.invoke(TestInvoker.java:995)
at org.testng.internal.invokers.TestInvoker.invokeTestMethods(TestInvoker.java:203)
at org.testng.internal.invokers.TestMethodWorker.invokeTestMethods(TestMethodWorker.java:154)
at org.testng.internal.invokers.TestMethodWorker.run(TestMethodWorker.java:134)
at java.base/java.util.ArrayList.forEach(ArrayList.java:1596)
at org.testng.TestRunner.privateRun(TestRunner.java:741)
at org.testng.TestRunner.run(TestRunner.java:616)
at org.testng.SuiteRunner.runTest(SuiteRunner.java:421)
at org.testng.SuiteRunner.runSequentially(SuiteRunner.java:413)
at org.testng.SuiteRunner.privateRun(SuiteRunner.java:373)
at org.testng.SuiteRunner.run(SuiteRunner.java:312)
at org.testng.SuiteRunnerWorker.runSuite(SuiteRunnerWorker.java:52)
at org.testng.SuiteRunnerWorker.run(SuiteRunnerWorker.java:95)
at org.testng.TestNG.runSuitesSequentially(TestNG.java:1274)
at org.testng.TestNG.runSuitesLocally(TestNG.java:1208)
at org.testng.TestNG.runSuites(TestNG.java:1112)
at org.testng.TestNG.run(TestNG.java:1079)
at org.testng.remote.AbstractRemoteTestNG.run(AbstractRemoteTestNG.java:115)
at org.testng.remote.RemoteTestNG.initAndRun(RemoteTestNG.java:293)
at org.testng.remote.RemoteTestNG.main(RemoteTestNG.java:91)
]]>
    </failure>
  </testcase> <!-- addLeadForBasicProjectLead -->
  <testcase classname="tests.Add_Lead.AddProjectLeadTest" name="addLeadForAdditionalProjectLeadTest" time="11.317"/>
  <testcase classname="tests.Add_Lead.AddProjectLeadTest" name="addLeadForAdditionalProjectLeadTest" time="10.772"/>
  <testcase classname="tests.Add_Lead.AddProjectLeadTest" name="addLeadForAdditionalProjectLeadTest" time="10.765"/>
  <testcase classname="tests.Add_Lead.AddProjectLeadTest" name="addLeadForAdditionalProjectLeadTest" time="10.746"/>
  <testcase classname="tests.Add_Lead.AddProjectLeadTest" name="addLeadForAdditionalProjectLeadTest" time="10.754"/>
  <testcase classname="tests.Add_Lead.AddProjectLeadTest" name="addLeadForAdditionalProjectLeadTest" time="10.736"/>
  <testcase classname="tests.Add_Lead.AddProjectLeadTest" name="addLeadForAdditionalProjectLeadTest" time="10.753"/>
  <testcase classname="tests.Add_Lead.AddProjectLeadTest" name="addLeadForAdditionalProjectLeadTest" time="10.768"/>
  <testcase classname="tests.Add_Lead.AddProjectLeadTest" name="addLeadForAdditionalProjectLeadTest" time="10.769"/>
  <testcase classname="tests.Add_Lead.AddProjectLeadTest" name="addLeadForAdditionalProjectLeadTest" time="10.729"/>
  <testcase classname="tests.Add_Lead.AddProjectLeadTest" name="addLeadForAdditionalProjectLeadTest" time="10.715"/>
  <testcase classname="tests.Add_Lead.AddProjectLeadTest" name="addLeadForAdditionalProjectLeadTest" time="10.679"/>
  <testcase classname="tests.Add_Lead.AddProjectLeadTest" name="addLeadForAdditionalProjectLeadTest" time="10.677"/>
  <testcase classname="tests.Add_Lead.AddProjectLeadTest" name="addLeadForAdditionalProjectLeadTest" time="10.727"/>
  <testcase classname="tests.Add_Lead.AddProjectLeadTest" name="addLeadForAdditionalProjectLeadTest" time="10.747"/>
  <testcase classname="tests.Add_Lead.AddProjectLeadTest" name="addLeadForAdditionalProjectLeadTest" time="10.694"/>
  <testcase classname="tests.Add_Lead.AddProjectLeadTest" name="addLeadForAdditionalProjectLeadTest" time="10.711"/>
  <testcase classname="tests.Add_Lead.AddProjectLeadTest" name="addLeadForAdditionalProjectLeadTest" time="10.693"/>
  <testcase classname="tests.Add_Lead.AddProjectLeadTest" name="addLeadForAdditionalProjectLeadTest" time="10.718"/>
  <testcase classname="tests.Add_Lead.AddProjectLeadTest" name="addLeadForAdditionalProjectLeadTest" time="10.647"/>
  <testcase classname="tests.Add_Lead.AddProjectLeadTest" name="addLeadForAdditionalProjectLeadTest" time="10.701"/>
  <testcase classname="tests.Add_Lead.AddProjectLeadTest" name="addLeadForAdditionalProjectLeadTest" time="10.713"/>
  <testcase classname="tests.Add_Lead.AddProjectLeadTest" name="addLeadForAdditionalProjectLeadTest" time="10.642"/>
  <testcase classname="tests.Add_Lead.AddProjectLeadTest" name="addLeadForAdditionalProjectLeadTest" time="10.798"/>
  <testcase classname="tests.Add_Lead.AddProjectLeadTest" name="addLeadForAdditionalProjectLeadTest" time="10.67"/>
  <testcase classname="tests.Add_Lead.AddProjectLeadTest" name="addLeadForAdditionalProjectLeadTest" time="10.758"/>
  <testcase classname="tests.Add_Lead.AddProjectLeadTest" name="addLeadForAdditionalProjectLeadTest" time="10.172">
    <failure type="java.lang.AssertionError" message="Source mismatch. Expected: Print Media, Got: Print media">
      <![CDATA[java.lang.AssertionError: Source mismatch. Expected: Print Media, Got: Print media
at pages.AddProjectLeadPage.validateLeadWithAdditionalInfo(AddProjectLeadPage.java:134)
at tests.Add_Lead.AddProjectLeadTest.addLeadForAdditionalProjectLeadTest(AddProjectLeadTest.java:189)
at java.base/jdk.internal.reflect.DirectMethodHandleAccessor.invoke(DirectMethodHandleAccessor.java:103)
at java.base/java.lang.reflect.Method.invoke(Method.java:580)
at org.testng.internal.invokers.MethodInvocationHelper.invokeMethod(MethodInvocationHelper.java:141)
at org.testng.internal.invokers.TestInvoker.invokeMethod(TestInvoker.java:687)
at org.testng.internal.invokers.TestInvoker.invokeTestMethod(TestInvoker.java:230)
at org.testng.internal.invokers.MethodRunner.runInSequence(MethodRunner.java:63)
at org.testng.internal.invokers.TestInvoker$MethodInvocationAgent.invoke(TestInvoker.java:995)
at org.testng.internal.invokers.TestInvoker.invokeTestMethods(TestInvoker.java:203)
at org.testng.internal.invokers.TestMethodWorker.invokeTestMethods(TestMethodWorker.java:154)
at org.testng.internal.invokers.TestMethodWorker.run(TestMethodWorker.java:134)
at java.base/java.util.ArrayList.forEach(ArrayList.java:1596)
at org.testng.TestRunner.privateRun(TestRunner.java:741)
at org.testng.TestRunner.run(TestRunner.java:616)
at org.testng.SuiteRunner.runTest(SuiteRunner.java:421)
at org.testng.SuiteRunner.runSequentially(SuiteRunner.java:413)
at org.testng.SuiteRunner.privateRun(SuiteRunner.java:373)
at org.testng.SuiteRunner.run(SuiteRunner.java:312)
at org.testng.SuiteRunnerWorker.runSuite(SuiteRunnerWorker.java:52)
at org.testng.SuiteRunnerWorker.run(SuiteRunnerWorker.java:95)
at org.testng.TestNG.runSuitesSequentially(TestNG.java:1274)
at org.testng.TestNG.runSuitesLocally(TestNG.java:1208)
at org.testng.TestNG.runSuites(TestNG.java:1112)
at org.testng.TestNG.run(TestNG.java:1079)
at org.testng.remote.AbstractRemoteTestNG.run(AbstractRemoteTestNG.java:115)
at org.testng.remote.RemoteTestNG.initAndRun(RemoteTestNG.java:293)
at org.testng.remote.RemoteTestNG.main(RemoteTestNG.java:91)
]]>
    </failure>
  </testcase> <!-- addLeadForAdditionalProjectLeadTest -->
  <testcase classname="tests.Add_Lead.AddProjectLeadTest" name="addLeadForAdditionalProjectLeadTest" time="9.835">
    <failure type="java.lang.AssertionError" message="Source mismatch. Expected: Print Media, Got: Print media">
      <![CDATA[java.lang.AssertionError: Source mismatch. Expected: Print Media, Got: Print media
at pages.AddProjectLeadPage.validateLeadWithAdditionalInfo(AddProjectLeadPage.java:134)
at tests.Add_Lead.AddProjectLeadTest.addLeadForAdditionalProjectLeadTest(AddProjectLeadTest.java:189)
at java.base/jdk.internal.reflect.DirectMethodHandleAccessor.invoke(DirectMethodHandleAccessor.java:103)
at java.base/java.lang.reflect.Method.invoke(Method.java:580)
at org.testng.internal.invokers.MethodInvocationHelper.invokeMethod(MethodInvocationHelper.java:141)
at org.testng.internal.invokers.TestInvoker.invokeMethod(TestInvoker.java:687)
at org.testng.internal.invokers.TestInvoker.invokeTestMethod(TestInvoker.java:230)
at org.testng.internal.invokers.MethodRunner.runInSequence(MethodRunner.java:63)
at org.testng.internal.invokers.TestInvoker$MethodInvocationAgent.invoke(TestInvoker.java:995)
at org.testng.internal.invokers.TestInvoker.invokeTestMethods(TestInvoker.java:203)
at org.testng.internal.invokers.TestMethodWorker.invokeTestMethods(TestMethodWorker.java:154)
at org.testng.internal.invokers.TestMethodWorker.run(TestMethodWorker.java:134)
at java.base/java.util.ArrayList.forEach(ArrayList.java:1596)
at org.testng.TestRunner.privateRun(TestRunner.java:741)
at org.testng.TestRunner.run(TestRunner.java:616)
at org.testng.SuiteRunner.runTest(SuiteRunner.java:421)
at org.testng.SuiteRunner.runSequentially(SuiteRunner.java:413)
at org.testng.SuiteRunner.privateRun(SuiteRunner.java:373)
at org.testng.SuiteRunner.run(SuiteRunner.java:312)
at org.testng.SuiteRunnerWorker.runSuite(SuiteRunnerWorker.java:52)
at org.testng.SuiteRunnerWorker.run(SuiteRunnerWorker.java:95)
at org.testng.TestNG.runSuitesSequentially(TestNG.java:1274)
at org.testng.TestNG.runSuitesLocally(TestNG.java:1208)
at org.testng.TestNG.runSuites(TestNG.java:1112)
at org.testng.TestNG.run(TestNG.java:1079)
at org.testng.remote.AbstractRemoteTestNG.run(AbstractRemoteTestNG.java:115)
at org.testng.remote.RemoteTestNG.initAndRun(RemoteTestNG.java:293)
at org.testng.remote.RemoteTestNG.main(RemoteTestNG.java:91)
]]>
    </failure>
  </testcase> <!-- addLeadForAdditionalProjectLeadTest -->
  <testcase classname="tests.Add_Lead.AddProjectLeadTest" name="addLeadForAdditionalProjectLeadTest" time="9.908">
    <failure type="java.lang.AssertionError" message="Source mismatch. Expected: Print Media, Got: Print media">
      <![CDATA[java.lang.AssertionError: Source mismatch. Expected: Print Media, Got: Print media
at pages.AddProjectLeadPage.validateLeadWithAdditionalInfo(AddProjectLeadPage.java:134)
at tests.Add_Lead.AddProjectLeadTest.addLeadForAdditionalProjectLeadTest(AddProjectLeadTest.java:189)
at java.base/jdk.internal.reflect.DirectMethodHandleAccessor.invoke(DirectMethodHandleAccessor.java:103)
at java.base/java.lang.reflect.Method.invoke(Method.java:580)
at org.testng.internal.invokers.MethodInvocationHelper.invokeMethod(MethodInvocationHelper.java:141)
at org.testng.internal.invokers.TestInvoker.invokeMethod(TestInvoker.java:687)
at org.testng.internal.invokers.TestInvoker.invokeTestMethod(TestInvoker.java:230)
at org.testng.internal.invokers.MethodRunner.runInSequence(MethodRunner.java:63)
at org.testng.internal.invokers.TestInvoker$MethodInvocationAgent.invoke(TestInvoker.java:995)
at org.testng.internal.invokers.TestInvoker.invokeTestMethods(TestInvoker.java:203)
at org.testng.internal.invokers.TestMethodWorker.invokeTestMethods(TestMethodWorker.java:154)
at org.testng.internal.invokers.TestMethodWorker.run(TestMethodWorker.java:134)
at java.base/java.util.ArrayList.forEach(ArrayList.java:1596)
at org.testng.TestRunner.privateRun(TestRunner.java:741)
at org.testng.TestRunner.run(TestRunner.java:616)
at org.testng.SuiteRunner.runTest(SuiteRunner.java:421)
at org.testng.SuiteRunner.runSequentially(SuiteRunner.java:413)
at org.testng.SuiteRunner.privateRun(SuiteRunner.java:373)
at org.testng.SuiteRunner.run(SuiteRunner.java:312)
at org.testng.SuiteRunnerWorker.runSuite(SuiteRunnerWorker.java:52)
at org.testng.SuiteRunnerWorker.run(SuiteRunnerWorker.java:95)
at org.testng.TestNG.runSuitesSequentially(TestNG.java:1274)
at org.testng.TestNG.runSuitesLocally(TestNG.java:1208)
at org.testng.TestNG.runSuites(TestNG.java:1112)
at org.testng.TestNG.run(TestNG.java:1079)
at org.testng.remote.AbstractRemoteTestNG.run(AbstractRemoteTestNG.java:115)
at org.testng.remote.RemoteTestNG.initAndRun(RemoteTestNG.java:293)
at org.testng.remote.RemoteTestNG.main(RemoteTestNG.java:91)
]]>
    </failure>
  </testcase> <!-- addLeadForAdditionalProjectLeadTest -->
  <testcase classname="tests.Add_Lead.AddProjectLeadTest" name="addLeadForAdditionalProjectLeadTest" time="9.885">
    <failure type="java.lang.AssertionError" message="Source mismatch. Expected: Channel Sales, Got: Channel sales">
      <![CDATA[java.lang.AssertionError: Source mismatch. Expected: Channel Sales, Got: Channel sales
at pages.AddProjectLeadPage.validateLeadWithAdditionalInfo(AddProjectLeadPage.java:134)
at tests.Add_Lead.AddProjectLeadTest.addLeadForAdditionalProjectLeadTest(AddProjectLeadTest.java:189)
at java.base/jdk.internal.reflect.DirectMethodHandleAccessor.invoke(DirectMethodHandleAccessor.java:103)
at java.base/java.lang.reflect.Method.invoke(Method.java:580)
at org.testng.internal.invokers.MethodInvocationHelper.invokeMethod(MethodInvocationHelper.java:141)
at org.testng.internal.invokers.TestInvoker.invokeMethod(TestInvoker.java:687)
at org.testng.internal.invokers.TestInvoker.invokeTestMethod(TestInvoker.java:230)
at org.testng.internal.invokers.MethodRunner.runInSequence(MethodRunner.java:63)
at org.testng.internal.invokers.TestInvoker$MethodInvocationAgent.invoke(TestInvoker.java:995)
at org.testng.internal.invokers.TestInvoker.invokeTestMethods(TestInvoker.java:203)
at org.testng.internal.invokers.TestMethodWorker.invokeTestMethods(TestMethodWorker.java:154)
at org.testng.internal.invokers.TestMethodWorker.run(TestMethodWorker.java:134)
at java.base/java.util.ArrayList.forEach(ArrayList.java:1596)
at org.testng.TestRunner.privateRun(TestRunner.java:741)
at org.testng.TestRunner.run(TestRunner.java:616)
at org.testng.SuiteRunner.runTest(SuiteRunner.java:421)
at org.testng.SuiteRunner.runSequentially(SuiteRunner.java:413)
at org.testng.SuiteRunner.privateRun(SuiteRunner.java:373)
at org.testng.SuiteRunner.run(SuiteRunner.java:312)
at org.testng.SuiteRunnerWorker.runSuite(SuiteRunnerWorker.java:52)
at org.testng.SuiteRunnerWorker.run(SuiteRunnerWorker.java:95)
at org.testng.TestNG.runSuitesSequentially(TestNG.java:1274)
at org.testng.TestNG.runSuitesLocally(TestNG.java:1208)
at org.testng.TestNG.runSuites(TestNG.java:1112)
at org.testng.TestNG.run(TestNG.java:1079)
at org.testng.remote.AbstractRemoteTestNG.run(AbstractRemoteTestNG.java:115)
at org.testng.remote.RemoteTestNG.initAndRun(RemoteTestNG.java:293)
at org.testng.remote.RemoteTestNG.main(RemoteTestNG.java:91)
]]>
    </failure>
  </testcase> <!-- addLeadForAdditionalProjectLeadTest -->
  <testcase classname="tests.Add_Lead.AddProjectLeadTest" name="addLeadForAdditionalProjectLeadTest" time="9.9">
    <failure type="java.lang.AssertionError" message="Source mismatch. Expected: Channel Sales, Got: Channel sales">
      <![CDATA[java.lang.AssertionError: Source mismatch. Expected: Channel Sales, Got: Channel sales
at pages.AddProjectLeadPage.validateLeadWithAdditionalInfo(AddProjectLeadPage.java:134)
at tests.Add_Lead.AddProjectLeadTest.addLeadForAdditionalProjectLeadTest(AddProjectLeadTest.java:189)
at java.base/jdk.internal.reflect.DirectMethodHandleAccessor.invoke(DirectMethodHandleAccessor.java:103)
at java.base/java.lang.reflect.Method.invoke(Method.java:580)
at org.testng.internal.invokers.MethodInvocationHelper.invokeMethod(MethodInvocationHelper.java:141)
at org.testng.internal.invokers.TestInvoker.invokeMethod(TestInvoker.java:687)
at org.testng.internal.invokers.TestInvoker.invokeTestMethod(TestInvoker.java:230)
at org.testng.internal.invokers.MethodRunner.runInSequence(MethodRunner.java:63)
at org.testng.internal.invokers.TestInvoker$MethodInvocationAgent.invoke(TestInvoker.java:995)
at org.testng.internal.invokers.TestInvoker.invokeTestMethods(TestInvoker.java:203)
at org.testng.internal.invokers.TestMethodWorker.invokeTestMethods(TestMethodWorker.java:154)
at org.testng.internal.invokers.TestMethodWorker.run(TestMethodWorker.java:134)
at java.base/java.util.ArrayList.forEach(ArrayList.java:1596)
at org.testng.TestRunner.privateRun(TestRunner.java:741)
at org.testng.TestRunner.run(TestRunner.java:616)
at org.testng.SuiteRunner.runTest(SuiteRunner.java:421)
at org.testng.SuiteRunner.runSequentially(SuiteRunner.java:413)
at org.testng.SuiteRunner.privateRun(SuiteRunner.java:373)
at org.testng.SuiteRunner.run(SuiteRunner.java:312)
at org.testng.SuiteRunnerWorker.runSuite(SuiteRunnerWorker.java:52)
at org.testng.SuiteRunnerWorker.run(SuiteRunnerWorker.java:95)
at org.testng.TestNG.runSuitesSequentially(TestNG.java:1274)
at org.testng.TestNG.runSuitesLocally(TestNG.java:1208)
at org.testng.TestNG.runSuites(TestNG.java:1112)
at org.testng.TestNG.run(TestNG.java:1079)
at org.testng.remote.AbstractRemoteTestNG.run(AbstractRemoteTestNG.java:115)
at org.testng.remote.RemoteTestNG.initAndRun(RemoteTestNG.java:293)
at org.testng.remote.RemoteTestNG.main(RemoteTestNG.java:91)
]]>
    </failure>
  </testcase> <!-- addLeadForAdditionalProjectLeadTest -->
</testsuite> <!-- Default test -->
