<?xml version="1.0" encoding="UTF-8"?>
<!-- Generated by org.testng.reporters.JUnitXMLReporter -->
<testsuite ignored="0" hostname="Tushars-Mac-mini.local" failures="5" tests="30" name="Test" time="257.562" errors="0" timestamp="2025-10-06T17:09:48 IST">
  <testcase classname="tests.Add_Lead.AddProjectLeadTest" name="addLeadForBasicProjectLead" time="8.693"/>
  <testcase classname="tests.Add_Lead.AddProjectLeadTest" name="addLeadForBasicProjectLead" time="8.79"/>
  <testcase classname="tests.Add_Lead.AddProjectLeadTest" name="addLeadForBasicProjectLead" time="8.825"/>
  <testcase classname="tests.Add_Lead.AddProjectLeadTest" name="addLeadForBasicProjectLead" time="8.774"/>
  <testcase classname="tests.Add_Lead.AddProjectLeadTest" name="addLeadForBasicProjectLead" time="8.751"/>
  <testcase classname="tests.Add_Lead.AddProjectLeadTest" name="addLeadForBasicProjectLead" time="8.761"/>
  <testcase classname="tests.Add_Lead.AddProjectLeadTest" name="addLeadForBasicProjectLead" time="8.745"/>
  <testcase classname="tests.Add_Lead.AddProjectLeadTest" name="addLeadForBasicProjectLead" time="8.753"/>
  <testcase classname="tests.Add_Lead.AddProjectLeadTest" name="addLeadForBasicProjectLead" time="8.724"/>
  <testcase classname="tests.Add_Lead.AddProjectLeadTest" name="addLeadForBasicProjectLead" time="8.739"/>
  <testcase classname="tests.Add_Lead.AddProjectLeadTest" name="addLeadForBasicProjectLead" time="8.722"/>
  <testcase classname="tests.Add_Lead.AddProjectLeadTest" name="addLeadForBasicProjectLead" time="8.701"/>
  <testcase classname="tests.Add_Lead.AddProjectLeadTest" name="addLeadForBasicProjectLead" time="8.745"/>
  <testcase classname="tests.Add_Lead.AddProjectLeadTest" name="addLeadForBasicProjectLead" time="8.754"/>
  <testcase classname="tests.Add_Lead.AddProjectLeadTest" name="addLeadForBasicProjectLead" time="8.724"/>
  <testcase classname="tests.Add_Lead.AddProjectLeadTest" name="addLeadForBasicProjectLead" time="8.74"/>
  <testcase classname="tests.Add_Lead.AddProjectLeadTest" name="addLeadForBasicProjectLead" time="8.721"/>
  <testcase classname="tests.Add_Lead.AddProjectLeadTest" name="addLeadForBasicProjectLead" time="8.716"/>
  <testcase classname="tests.Add_Lead.AddProjectLeadTest" name="addLeadForBasicProjectLead" time="8.696"/>
  <testcase classname="tests.Add_Lead.AddProjectLeadTest" name="addLeadForBasicProjectLead" time="8.756"/>
  <testcase classname="tests.Add_Lead.AddProjectLeadTest" name="addLeadForBasicProjectLead" time="8.735"/>
  <testcase classname="tests.Add_Lead.AddProjectLeadTest" name="addLeadForBasicProjectLead" time="8.703"/>
  <testcase classname="tests.Add_Lead.AddProjectLeadTest" name="addLeadForBasicProjectLead" time="8.721"/>
  <testcase classname="tests.Add_Lead.AddProjectLeadTest" name="addLeadForBasicProjectLead" time="8.719"/>
  <testcase classname="tests.Add_Lead.AddProjectLeadTest" name="addLeadForBasicProjectLead" time="8.735"/>
  <testcase classname="tests.Add_Lead.AddProjectLeadTest" name="addLeadForBasicProjectLead" time="7.65">
    <failure type="java.lang.AssertionError" message="Source mismatch. Expected: Print Media, Got: Print media">
      <![CDATA[java.lang.AssertionError: Source mismatch. Expected: Print Media, Got: Print media
at pages.AddProjectLeadPage.validateLeadWithBasicInfo(AddProjectLeadPage.java:347)
at tests.Add_Lead.AddProjectLeadTest.addLeadForBasicProjectLead(AddProjectLeadTest.java:170)
at java.base/java.util.ArrayList.forEach(ArrayList.java:1596)
... Removed 25 stack frames]]>
    </failure>
  </testcase> <!-- addLeadForBasicProjectLead -->
  <testcase classname="tests.Add_Lead.AddProjectLeadTest" name="addLeadForBasicProjectLead" time="7.396">
    <failure type="java.lang.AssertionError" message="Source mismatch. Expected: Print Media, Got: Print media">
      <![CDATA[java.lang.AssertionError: Source mismatch. Expected: Print Media, Got: Print media
at pages.AddProjectLeadPage.validateLeadWithBasicInfo(AddProjectLeadPage.java:347)
at tests.Add_Lead.AddProjectLeadTest.addLeadForBasicProjectLead(AddProjectLeadTest.java:170)
at java.base/java.util.ArrayList.forEach(ArrayList.java:1596)
... Removed 25 stack frames]]>
    </failure>
  </testcase> <!-- addLeadForBasicProjectLead -->
  <testcase classname="tests.Add_Lead.AddProjectLeadTest" name="addLeadForBasicProjectLead" time="7.398">
    <failure type="java.lang.AssertionError" message="Source mismatch. Expected: Print Media, Got: Print media">
      <![CDATA[java.lang.AssertionError: Source mismatch. Expected: Print Media, Got: Print media
at pages.AddProjectLeadPage.validateLeadWithBasicInfo(AddProjectLeadPage.java:347)
at tests.Add_Lead.AddProjectLeadTest.addLeadForBasicProjectLead(AddProjectLeadTest.java:170)
at java.base/java.util.ArrayList.forEach(ArrayList.java:1596)
... Removed 25 stack frames]]>
    </failure>
  </testcase> <!-- addLeadForBasicProjectLead -->
  <testcase classname="tests.Add_Lead.AddProjectLeadTest" name="addLeadForBasicProjectLead" time="7.399">
    <failure type="java.lang.AssertionError" message="Source mismatch. Expected: Channel Sales, Got: Channel sales">
      <![CDATA[java.lang.AssertionError: Source mismatch. Expected: Channel Sales, Got: Channel sales
at pages.AddProjectLeadPage.validateLeadWithBasicInfo(AddProjectLeadPage.java:347)
at tests.Add_Lead.AddProjectLeadTest.addLeadForBasicProjectLead(AddProjectLeadTest.java:170)
at java.base/java.util.ArrayList.forEach(ArrayList.java:1596)
... Removed 25 stack frames]]>
    </failure>
  </testcase> <!-- addLeadForBasicProjectLead -->
  <testcase classname="tests.Add_Lead.AddProjectLeadTest" name="addLeadForBasicProjectLead" time="7.419">
    <failure type="java.lang.AssertionError" message="Source mismatch. Expected: Channel Sales, Got: Channel sales">
      <![CDATA[java.lang.AssertionError: Source mismatch. Expected: Channel Sales, Got: Channel sales
at pages.AddProjectLeadPage.validateLeadWithBasicInfo(AddProjectLeadPage.java:347)
at tests.Add_Lead.AddProjectLeadTest.addLeadForBasicProjectLead(AddProjectLeadTest.java:170)
at java.base/java.util.ArrayList.forEach(ArrayList.java:1596)
... Removed 25 stack frames]]>
    </failure>
  </testcase> <!-- addLeadForBasicProjectLead -->
</testsuite> <!-- Test -->
