<?xml version="1.0" encoding="UTF-8"?>
<!-- Generated by org.testng.reporters.JUnitReportReporter -->
<testsuite hostname="Tushars-Mac-mini.local" failures="1" tests="30" name="tests.AddProjectLeadTest" time="273.922" errors="0" timestamp="2025-09-26T12:41:11 IST" skipped="0">
  <testcase classname="tests.AddProjectLeadTest" name="addLeadForBasicProjectLead" time="8.977"/>
  <testcase classname="tests.AddProjectLeadTest" name="addLeadForBasicProjectLead" time="9.183"/>
  <testcase classname="tests.AddProjectLeadTest" name="addLeadForBasicProjectLead" time="10.160"/>
  <testcase classname="tests.AddProjectLeadTest" name="addLeadForBasicProjectLead" time="9.161"/>
  <testcase classname="tests.AddProjectLeadTest" name="addLeadForBasicProjectLead" time="7.014"/>
  <testcase classname="tests.AddProjectLeadTest" name="addLeadForBasicProjectLead" time="9.041"/>
  <testcase classname="tests.AddProjectLeadTest" name="addLeadForBasicProjectLead" time="9.261"/>
  <testcase classname="tests.AddProjectLeadTest" name="addLeadForBasicProjectLead" time="9.718"/>
  <testcase classname="tests.AddProjectLeadTest" name="addLeadForBasicProjectLead" time="9.656"/>
  <testcase classname="tests.AddProjectLeadTest" name="addLeadForBasicProjectLead" time="9.155"/>
  <testcase classname="tests.AddProjectLeadTest" name="addLeadForBasicProjectLead" time="9.044"/>
  <testcase classname="tests.AddProjectLeadTest" name="addLeadForBasicProjectLead" time="9.079"/>
  <testcase classname="tests.AddProjectLeadTest" name="addLeadForBasicProjectLead" time="8.999"/>
  <testcase classname="tests.AddProjectLeadTest" name="addLeadForBasicProjectLead" time="9.091"/>
  <testcase classname="tests.AddProjectLeadTest" name="addLeadForBasicProjectLead" time="9.112"/>
  <testcase classname="tests.AddProjectLeadTest" name="addLeadForBasicProjectLead" time="9.152"/>
  <testcase classname="tests.AddProjectLeadTest" name="addLeadForBasicProjectLead" time="9.720"/>
  <testcase classname="tests.AddProjectLeadTest" name="addLeadForBasicProjectLead" time="9.142"/>
  <testcase classname="tests.AddProjectLeadTest" name="addLeadForBasicProjectLead" time="9.295"/>
  <testcase classname="tests.AddProjectLeadTest" name="addLeadForBasicProjectLead" time="9.146"/>
  <testcase classname="tests.AddProjectLeadTest" name="addLeadForBasicProjectLead" time="9.165"/>
  <testcase classname="tests.AddProjectLeadTest" name="addLeadForBasicProjectLead" time="9.206"/>
  <testcase classname="tests.AddProjectLeadTest" name="addLeadForBasicProjectLead" time="9.159"/>
  <testcase classname="tests.AddProjectLeadTest" name="addLeadForBasicProjectLead" time="9.742"/>
  <testcase classname="tests.AddProjectLeadTest" name="addLeadForBasicProjectLead" time="9.067"/>
  <testcase classname="tests.AddProjectLeadTest" name="addLeadForBasicProjectLead" time="9.103"/>
  <testcase classname="tests.AddProjectLeadTest" name="addLeadForBasicProjectLead" time="8.378">
    <failure message="Full name mismatch. Expected: Meera Chawla, Got: Karan Malhotra" type="java.lang.AssertionError">
      <![CDATA[java.lang.AssertionError: Full name mismatch. Expected: Meera Chawla, Got: Karan Malhotra
at pages.AddProjectLeadPage.validateLeadWithBasicInfo(AddProjectLeadPage.java:321)
at tests.AddProjectLeadTest.addLeadForBasicProjectLead(AddProjectLeadTest.java:204)
at java.base/jdk.internal.reflect.DirectMethodHandleAccessor.invoke(DirectMethodHandleAccessor.java:103)
at java.base/java.lang.reflect.Method.invoke(Method.java:580)
at org.testng.internal.invokers.MethodInvocationHelper.invokeMethod(MethodInvocationHelper.java:141)
at org.testng.internal.invokers.TestInvoker.invokeMethod(TestInvoker.java:687)
at org.testng.internal.invokers.TestInvoker.invokeTestMethod(TestInvoker.java:230)
at org.testng.internal.invokers.MethodRunner.runInSequence(MethodRunner.java:63)
at org.testng.internal.invokers.TestInvoker$MethodInvocationAgent.invoke(TestInvoker.java:995)
at org.testng.internal.invokers.TestInvoker.invokeTestMethods(TestInvoker.java:203)
at org.testng.internal.invokers.TestMethodWorker.invokeTestMethods(TestMethodWorker.java:154)
at org.testng.internal.invokers.TestMethodWorker.run(TestMethodWorker.java:134)
at java.base/java.util.ArrayList.forEach(ArrayList.java:1596)
at org.testng.TestRunner.privateRun(TestRunner.java:741)
at org.testng.TestRunner.run(TestRunner.java:616)
at org.testng.SuiteRunner.runTest(SuiteRunner.java:421)
at org.testng.SuiteRunner.runSequentially(SuiteRunner.java:413)
at org.testng.SuiteRunner.privateRun(SuiteRunner.java:373)
at org.testng.SuiteRunner.run(SuiteRunner.java:312)
at org.testng.SuiteRunnerWorker.runSuite(SuiteRunnerWorker.java:52)
at org.testng.SuiteRunnerWorker.run(SuiteRunnerWorker.java:95)
at org.testng.TestNG.runSuitesSequentially(TestNG.java:1274)
at org.testng.TestNG.runSuitesLocally(TestNG.java:1208)
at org.testng.TestNG.runSuites(TestNG.java:1112)
at org.testng.TestNG.run(TestNG.java:1079)
at org.testng.remote.AbstractRemoteTestNG.run(AbstractRemoteTestNG.java:115)
at org.testng.remote.RemoteTestNG.initAndRun(RemoteTestNG.java:293)
at org.testng.remote.RemoteTestNG.main(RemoteTestNG.java:91)
]]>
    </failure>
  </testcase> <!-- addLeadForBasicProjectLead -->
  <testcase classname="tests.AddProjectLeadTest" name="addLeadForBasicProjectLead" time="9.012"/>
  <testcase classname="tests.AddProjectLeadTest" name="addLeadForBasicProjectLead" time="9.130"/>
  <testcase classname="tests.AddProjectLeadTest" name="addLeadForBasicProjectLead" time="8.854"/>
</testsuite> <!-- tests.AddProjectLeadTest -->
